pdf417MobiSample/build/outputs/mapping/release/seeds.txt
mobi.pdf417.demo.Pdf417MobiDemoActivity
mobi.pdf417.demo.Pdf417MobiDemoActivity: Pdf417MobiDemoActivity()
mobi.pdf417.demo.Pdf417MobiDemoActivity: void onScanButtonClick(android.view.View)
mobi.pdf417.demo.Pdf417MobiDemoApp
mobi.pdf417.demo.Pdf417MobiDemoApp: Pdf417MobiDemoApp()
mobi.pdf417.demo.R$anim: int abc_fade_in
mobi.pdf417.demo.R$anim: int abc_fade_out
mobi.pdf417.demo.R$anim: int abc_grow_fade_in_from_bottom
mobi.pdf417.demo.R$anim: int abc_popup_enter
mobi.pdf417.demo.R$anim: int abc_popup_exit
mobi.pdf417.demo.R$anim: int abc_shrink_fade_out_from_bottom
mobi.pdf417.demo.R$anim: int abc_slide_in_bottom
mobi.pdf417.demo.R$anim: int abc_slide_in_top
mobi.pdf417.demo.R$anim: int abc_slide_out_bottom
mobi.pdf417.demo.R$anim: int abc_slide_out_top
mobi.pdf417.demo.R$anim: int tooltip_enter
mobi.pdf417.demo.R$anim: int tooltip_exit
mobi.pdf417.demo.R$attr: int actionBarDivider
mobi.pdf417.demo.R$attr: int actionBarItemBackground
mobi.pdf417.demo.R$attr: int actionBarPopupTheme
mobi.pdf417.demo.R$attr: int actionBarSize
mobi.pdf417.demo.R$attr: int actionBarSplitStyle
mobi.pdf417.demo.R$attr: int actionBarStyle
mobi.pdf417.demo.R$attr: int actionBarTabBarStyle
mobi.pdf417.demo.R$attr: int actionBarTabStyle
mobi.pdf417.demo.R$attr: int actionBarTabTextStyle
mobi.pdf417.demo.R$attr: int actionBarTheme
mobi.pdf417.demo.R$attr: int actionBarWidgetTheme
mobi.pdf417.demo.R$attr: int actionButtonStyle
mobi.pdf417.demo.R$attr: int actionDropDownStyle
mobi.pdf417.demo.R$attr: int actionLayout
mobi.pdf417.demo.R$attr: int actionMenuTextAppearance
mobi.pdf417.demo.R$attr: int actionMenuTextColor
mobi.pdf417.demo.R$attr: int actionModeBackground
mobi.pdf417.demo.R$attr: int actionModeCloseButtonStyle
mobi.pdf417.demo.R$attr: int actionModeCloseDrawable
mobi.pdf417.demo.R$attr: int actionModeCopyDrawable
mobi.pdf417.demo.R$attr: int actionModeCutDrawable
mobi.pdf417.demo.R$attr: int actionModeFindDrawable
mobi.pdf417.demo.R$attr: int actionModePasteDrawable
mobi.pdf417.demo.R$attr: int actionModePopupWindowStyle
mobi.pdf417.demo.R$attr: int actionModeSelectAllDrawable
mobi.pdf417.demo.R$attr: int actionModeShareDrawable
mobi.pdf417.demo.R$attr: int actionModeSplitBackground
mobi.pdf417.demo.R$attr: int actionModeStyle
mobi.pdf417.demo.R$attr: int actionModeWebSearchDrawable
mobi.pdf417.demo.R$bool: int abc_action_bar_embed_tabs
mobi.pdf417.demo.R$bool: int abc_allow_stacked_button_bar
mobi.pdf417.demo.R$bool: int abc_config_actionMenuItemAllCaps
mobi.pdf417.demo.R$bool: int abc_config_closeDialogWhenTouchOutside
mobi.pdf417.demo.R$bool: int abc_config_showMenuShortcutsWhenKeyboardPresent
...
android.support.v7.app.AppCompatActivity: void setContentView(android.view.View)
android.support.v7.app.AppCompatDelegateImplV9$PanelFeatureState$SavedState: android.os.Parcelable$Creator CREATOR
android.support.v7.appcompat.R$anim: int abc_fade_in
android.support.v7.appcompat.R$anim: int abc_fade_out
android.support.v7.appcompat.R$anim: int abc_grow_fade_in_from_bottom
android.support.v7.appcompat.R$anim: int abc_popup_enter
android.support.v7.appcompat.R$anim: int abc_popup_exit
android.support.v7.appcompat.R$anim: int abc_shrink_fade_out_from_bottom
android.support.v7.appcompat.R$anim: int abc_slide_in_bottom
android.support.v7.appcompat.R$anim: int abc_slide_in_top
android.support.v7.appcompat.R$anim: int abc_slide_out_bottom
android.support.v7.appcompat.R$anim: int abc_slide_out_top
android.support.v7.appcompat.R$anim: int tooltip_enter
android.support.v7.appcompat.R$anim: int tooltip_exit
android.support.v7.appcompat.R$attr: int actionBarDivider
android.support.v7.appcompat.R$attr: int actionBarItemBackground
android.support.v7.appcompat.R$attr: int actionBarPopupTheme
android.support.v7.appcompat.R$attr: int actionBarSize
android.support.v7.appcompat.R$attr: int actionBarSplitStyle
android.support.v7.appcompat.R$attr: int actionBarStyle
android.support.v7.appcompat.R$attr: int actionBarTabBarStyle
android.support.v7.appcompat.R$attr: int actionBarTabStyle
android.support.v7.appcompat.R$attr: int actionBarTabTextStyle
android.support.v7.appcompat.R$attr: int actionBarTheme
android.support.v7.appcompat.R$attr: int actionBarWidgetTheme
android.support.v7.appcompat.R$attr: int actionButtonStyle
android.support.v7.appcompat.R$attr: int actionDropDownStyle
android.support.v7.appcompat.R$attr: int actionLayout
android.support.v7.appcompat.R$attr: int actionMenuTextAppearance
android.support.v7.appcompat.R$attr: int actionMenuTextColor
android.support.v7.appcompat.R$attr: int actionModeBackground
android.support.v7.appcompat.R$attr: int actionModeCloseButtonStyle
android.support.v7.appcompat.R$attr: int actionModeCloseDrawable
android.support.v7.appcompat.R$attr: int actionModeCopyDrawable
android.support.v7.appcompat.R$attr: int actionModeCutDrawable
android.support.v7.appcompat.R$attr: int actionModeFindDrawable
android.support.v7.appcompat.R$attr: int actionModePasteDrawable
android.support.v7.appcompat.R$attr: int actionModePopupWindowStyle
android.support.v7.appcompat.R$bool: int abc_action_bar_embed_tabs
android.support.v7.appcompat.R$bool: int abc_allow_stacked_button_bar
android.support.v7.appcompat.R$bool: int abc_config_actionMenuItemAllCaps
android.support.v7.appcompat.R$bool: int abc_config_closeDialogWhenTouchOutside
android.support.v7.appcompat.R$bool: int abc_config_showMenuShortcutsWhenKeyboardPresent