pdf417MobiSample/build/outputs/mapping/release/mapping.txt
mobi.pdf417.demo.CallAPI -> mobi.pdf417.demo.a:
    void <init>() -> <init>
    void onPreExecute() -> onPreExecute
    java.lang.String doInBackground(java.lang.String[]) -> a
    java.lang.Object doInBackground(java.lang.Object[]) -> doInBackground
mobi.pdf417.demo.Pdf417MobiDemoActivity -> mobi.pdf417.demo.Pdf417MobiDemoActivity:
    com.microblink.entities.recognizers.blinkbarcode.barcode.BarcodeRecognizer mBarcodeRecognizer -> a
    com.microblink.entities.recognizers.RecognizerBundle mRecognizerBundle -> b
    android.widget.TextView messageBox -> c
    void <init>() -> <init>
    void onCreate(android.os.Bundle) -> onCreate
    java.lang.String getSsid() -> a
    void onScanButtonClick(android.view.View) -> onScanButtonClick
    void onActivityResult(int,int,android.content.Intent) -> onActivityResult
mobi.pdf417.demo.Pdf417MobiDemoApp -> mobi.pdf417.demo.Pdf417MobiDemoApp:
    void <init>() -> <init>
    void onCreate() -> onCreate
...
android.support.v7.widget.AppCompatSpinner -> android.support.v7.widget.o:
    int[] ATTRS_ANDROID_SPINNERMODE -> a
    android.support.v7.widget.AppCompatBackgroundHelper mBackgroundTintHelper -> b
    android.content.Context mPopupContext -> c
    android.support.v7.widget.ForwardingListener mForwardingListener -> d
    android.widget.SpinnerAdapter mTempAdapter -> e
    boolean mPopupSet -> f
    android.support.v7.widget.AppCompatSpinner$DropdownPopup mPopup -> g
    int mDropDownWidth -> h
    android.graphics.Rect mTempRect -> i
    void <init>(android.content.Context,int) -> <init>
    void <init>(android.content.Context,int,byte) -> <init>
    void <init>(android.content.Context,int,int) -> <init>
    android.content.Context getPopupContext() -> getPopupContext
    void setPopupBackgroundDrawable(android.graphics.drawable.Drawable) -> setPopupBackgroundDrawable
    void setPopupBackgroundResource(int) -> setPopupBackgroundResource
    android.graphics.drawable.Drawable getPopupBackground() -> getPopupBackground
    void setDropDownVerticalOffset(int) -> setDropDownVerticalOffset
    int getDropDownVerticalOffset() -> getDropDownVerticalOffset
    void setDropDownHorizontalOffset(int) -> setDropDownHorizontalOffset
    int getDropDownHorizontalOffset() -> getDropDownHorizontalOffset
    void setDropDownWidth(int) -> setDropDownWidth
    int getDropDownWidth() -> getDropDownWidth
    void setAdapter(android.widget.SpinnerAdapter) -> setAdapter
android.support.v7.widget.AppCompatSpinner$1 -> android.support.v7.widget.o$1:
    android.support.v7.widget.AppCompatSpinner$DropdownPopup val$popup -> a
    android.support.v7.widget.AppCompatSpinner this$0 -> b
    void <init>(android.support.v7.widget.AppCompatSpinner,android.view.View,android.support.v7.widget.AppCompatSpinner$DropdownPopup) -> <init>
    android.support.v7.view.menu.ShowableListMenu getPopup() -> a
    boolean onForwardingStarted() -> b
android.support.v7.widget.AppCompatSpinner$DropDownAdapter -> android.support.v7.widget.o$a:
    android.widget.SpinnerAdapter mAdapter -> a
    android.widget.ListAdapter mListAdapter -> b
    void <init>(android.widget.SpinnerAdapter,android.content.res.Resources$Theme) -> <init>
    int getCount() -> getCount
    java.lang.Object getItem(int) -> getItem
    long getItemId(int) -> getItemId
    android.view.View getView(int,android.view.View,android.view.ViewGroup) -> getView
    android.view.View getDropDownView(int,android.view.View,android.view.ViewGroup) -> getDropDownView
    boolean hasStableIds() -> hasStableIds
    void registerDataSetObserver(android.database.DataSetObserver) -> registerDataSetObserver
    void unregisterDataSetObserver(android.database.DataSetObserver) -> unregisterDataSetObserver
    boolean areAllItemsEnabled() -> areAllItemsEnabled
    boolean isEnabled(int) -> isEnabled
    int getItemViewType(int) -> getItemViewType
    int getViewTypeCount() -> getViewTypeCount
    boolean isEmpty() -> isEmpty
android.support.v7.widget.AppCompatSpinner$DropdownPopup -> android.support.v7.widget.o$b:
    java.lang.CharSequence mHintText -> a
    android.widget.ListAdapter mAdapter -> b
    android.graphics.Rect mVisibleRect -> c
    android.support.v7.widget.AppCompatSpinner this$0 -> d
    void <init>(android.support.v7.widget.AppCompatSpinner,android.content.Context,int) -> <init>
    void setAdapter(android.widget.ListAdapter) -> a
    void computeContentWidth() -> a
    void show() -> b
    void access$301(android.support.v7.widget.AppCompatSpinner$DropdownPopup) -> a