pdf417MobiSample/build/outputs/mapping/release/usage.txt
mobi.pdf417.demo.BuildConfig
mobi.pdf417.demo.CallAPI:
    public static final java.lang.String REQUEST_METHOD
    public static final int READ_TIMEOUT
    public static final int CONNECTION_TIMEOUT
mobi.pdf417.demo.Pdf417MobiDemoActivity:
    private static final int MY_REQUEST_CODE
mobi.pdf417.demo.R
mobi.pdf417.demo.R$anim
mobi.pdf417.demo.R$attr
mobi.pdf417.demo.R$bool
mobi.pdf417.demo.R$color
mobi.pdf417.demo.R$dimen
mobi.pdf417.demo.R$drawable
mobi.pdf417.demo.R$id
mobi.pdf417.demo.R$integer
mobi.pdf417.demo.R$layout
mobi.pdf417.demo.R$raw
mobi.pdf417.demo.R$string
mobi.pdf417.demo.R$style
mobi.pdf417.demo.R$styleable
...
android.support.v4.graphics.drawable.DrawableCompat:
    private static final java.lang.String TAG
    private static java.lang.reflect.Method sSetLayoutDirectionMethod
    private static boolean sSetLayoutDirectionMethodFetched
    220:251:public static void clearColorFilter(android.graphics.drawable.Drawable)
    338:341:public static android.graphics.drawable.Drawable unwrap(android.graphics.drawable.Drawable)
    358:383:public static boolean setLayoutDirection(android.graphics.drawable.Drawable,int)
    423:423:private DrawableCompat()
android.support.v4.graphics.drawable.DrawableWrapper:
    public abstract void setWrappedDrawable(android.graphics.drawable.Drawable)
android.support.v4.graphics.drawable.DrawableWrapperApi21:
    private static final java.lang.String TAG
    130:138:public boolean isProjected()
android.support.v4.graphics.drawable.IconCompat
android.support.v4.graphics.drawable.RoundedBitmapDrawable
android.support.v4.graphics.drawable.RoundedBitmapDrawable21
android.support.v4.graphics.drawable.RoundedBitmapDrawableFactory
android.support.v4.graphics.drawable.RoundedBitmapDrawableFactory$DefaultRoundedBitmapDrawable
android.support.v4.hardware.display.DisplayManagerCompat
android.support.v4.hardware.display.DisplayManagerCompat$DisplayManagerCompatApi14Impl
android.support.v4.hardware.display.DisplayManagerCompat$DisplayManagerCompatApi17Impl
android.support.v4.hardware.fingerprint.FingerprintManagerCompat
android.support.v4.hardware.fingerprint.FingerprintManagerCompat$1
android.support.v4.hardware.fingerprint.FingerprintManagerCompat$AuthenticationCallback
android.support.v4.hardware.fingerprint.FingerprintManagerCompat$AuthenticationResult
android.support.v4.hardware.fingerprint.FingerprintManagerCompat$CryptoObject
android.support.v4.internal.package-info
android.support.v4.internal.view.SupportMenu:
    public static final int USER_MASK
    public static final int USER_SHIFT
    public static final int CATEGORY_MASK
    public static final int CATEGORY_SHIFT
    public static final int SUPPORTED_MODIFIERS_MASK
    public static final int FLAG_KEEP_OPEN_ON_SUBMENU_OPENED
android.support.v4.internal.view.SupportMenuItem:
    public static final int SHOW_AS_ACTION_NEVER
    public static final int SHOW_AS_ACTION_IF_ROOM
    public static final int SHOW_AS_ACTION_ALWAYS
    public static final int SHOW_AS_ACTION_WITH_TEXT
    public static final int SHOW_AS_ACTION_COLLAPSE_ACTION_VIEW
android.support.v4.math.MathUtils
android.support.v4.net.ConnectivityManagerCompat
android.support.v4.net.ConnectivityManagerCompat$RestrictBackgroundStatus
android.support.v4.net.DatagramSocketWrapper
android.support.v4.net.DatagramSocketWrapper$DatagramSocketImplWrapper
android.support.v4.net.TrafficStatsCompat
android.support.v4.os.BuildCompat:
    26:27:private BuildCompat()
    39:39:public static boolean isAtLeastN()
    52:52:public static boolean isAtLeastNMR1()
    65:65:public static boolean isAtLeastO()
    91:91:public static boolean isAtLeastP()
android.support.v4.os.CancellationSignal
android.support.v4.os.CancellationSignal$OnCancelListener
android.support.v4.os.ConfigurationCompat
android.support.v4.os.EnvironmentCompat
android.support.v4.os.IResultReceiver
android.support.v4.os.IResultReceiver$Stub
android.support.v4.os.IResultReceiver$Stub$Proxy
android.support.v4.os.LocaleHelper
android.support.v4.os.LocaleListCompat
android.support.v4.os.LocaleListCompat$LocaleListCompatApi24Impl
android.support.v4.os.LocaleListCompat$LocaleListCompatBaseImpl
android.support.v4.os.LocaleListHelper
android.support.v4.os.LocaleListInterface
android.support.v4.os.OperationCanceledException
android.support.v4.os.ParcelableCompat
android.support.v4.os.ParcelableCompat$ParcelableCompatCreatorHoneycombMR2
android.support.v4.os.ParcelableCompatCreatorCallbacks
android.support.v4.os.ResultReceiver
android.support.v4.os.ResultReceiver$1
android.support.v4.os.ResultReceiver$MyResultReceiver